Using pre-set license
Built from '2020.3/staging' branch; Version is '2020.3.11f1 (99c7afb366b3) revision 10078127'; Using compiler version '192528614'; Build Type 'Release'
OS: 'Windows 10 Home; OS build 19043.1415; Version 2009; 64bit' Language: 'ja' Physical Memory: 32699 MB
BatchMode: 1, IsHumanControllingUs: 0, StartBugReporterOnCrash: 0, Is64bit: 1, IsPro: 0

 COMMAND LINE ARGUMENTS:
C:\Program Files\Unity\Hub\Editor\2020.3.11f1\Editor\Unity.exe
-adb2
-batchMode
-noUpm
-name
AssetImportWorker0
-projectPath
A:/Game Finished product/StepAsideUnityChan
-logFile
Logs/AssetImportWorker0.log
-srvPort
56698
Successfully changed project path to: A:/Game Finished product/StepAsideUnityChan
A:/Game Finished product/StepAsideUnityChan
Using Asset Import Pipeline V2.
Refreshing native plugins compatible for Editor in 33.40 ms, found 2 plugins.
Preloading 0 native plugins for Editor in 0.00 ms.
Initialize engine version: 2020.3.11f1 (99c7afb366b3)
[Subsystems] Discovering subsystems at path C:/Program Files/Unity/Hub/Editor/2020.3.11f1/Editor/Data/Resources/UnitySubsystems
[Subsystems] Discovering subsystems at path A:/Game Finished product/StepAsideUnityChan/Assets
GfxDevice: creating device client; threaded=0
Direct3D:
    Version:  Direct3D 11.0 [level 11.1]
    Renderer: Radeon RX 5500 XT (ID=0x7340)
    Vendor:   
    VRAM:     8151 MB
    Driver:   27.20.1034.6
Initialize mono
Mono path[0] = 'C:/Program Files/Unity/Hub/Editor/2020.3.11f1/Editor/Data/Managed'
Mono path[1] = 'C:/Program Files/Unity/Hub/Editor/2020.3.11f1/Editor/Data/MonoBleedingEdge/lib/mono/unityjit'
Mono config path = 'C:/Program Files/Unity/Hub/Editor/2020.3.11f1/Editor/Data/MonoBleedingEdge/etc'
Using monoOptions --debugger-agent=transport=dt_socket,embedding=1,server=y,suspend=n,address=127.0.0.1:56092
Begin MonoManager ReloadAssembly
Registering precompiled unity dll's ...
Register platform support module: C:/Program Files/Unity/Hub/Editor/2020.3.11f1/Editor/Data/PlaybackEngines/WindowsStandaloneSupport/UnityEditor.WindowsStandalone.Extensions.dll
Registered in 0.001656 seconds.
Native extension for WindowsStandalone target not found
Refreshing native plugins compatible for Editor in 35.08 ms, found 2 plugins.
Preloading 0 native plugins for Editor in 0.00 ms.
Mono: successfully reloaded assembly
- Completed reload, in  1.609 seconds
Platform modules already initialized, skipping
Registering precompiled user dll's ...
Registered in 0.003418 seconds.
Begin MonoManager ReloadAssembly
Native extension for WindowsStandalone target not found
Refreshing native plugins compatible for Editor in 0.48 ms, found 2 plugins.
Preloading 0 native plugins for Editor in 0.00 ms.
Mono: successfully reloaded assembly
- Completed reload, in  0.852 seconds
Platform modules already initialized, skipping
========================================================================
Worker process is ready to serve import requests
Launched and connected shader compiler UnityShaderCompiler.exe after 0.04 seconds
Refreshing native plugins compatible for Editor in 0.48 ms, found 2 plugins.
Preloading 0 native plugins for Editor in 0.00 ms.
Unloading 1537 Unused Serialized files (Serialized files now loaded: 0)
System memory in use before: 97.7 MB.
System memory in use after: 97.8 MB.

Unloading 19 unused Assets to reduce memory usage. Loaded Objects now: 1994.
Total: 1.935400 ms (FindLiveObjects: 0.194000 ms CreateObjectMapping: 0.034400 ms MarkObjects: 1.582100 ms  DeleteObjects: 0.123900 ms)

========================================================================
Received Import Request.
  path: Assets/Scripts/ItemGenerator.cs
  artifactKey: Guid(68d6d065271612a4097f6f4bc2204f68) Importer(815301076,1909f56bfc062723c751e8b465ee728b)
Start importing Assets/Scripts/ItemGenerator.cs using Guid(68d6d065271612a4097f6f4bc2204f68) Importer(815301076,1909f56bfc062723c751e8b465ee728b)  -> (artifact id: '6e1df8df95e31e248a1913d46783c6d4') in 0.033435 seconds
  Import took 0.036072 seconds .

========================================================================
Received Prepare
Refreshing native plugins compatible for Editor in 2.78 ms, found 2 plugins.
Preloading 0 native plugins for Editor in 0.00 ms.
Unloading 12 Unused Serialized files (Serialized files now loaded: 0)
System memory in use before: 64.4 MB.
System memory in use after: 64.5 MB.

Unloading 12 unused Assets to reduce memory usage. Loaded Objects now: 1994.
Total: 2.001900 ms (FindLiveObjects: 0.208400 ms CreateObjectMapping: 0.034900 ms MarkObjects: 1.667800 ms  DeleteObjects: 0.090200 ms)

========================================================================
Received Prepare
Registering precompiled user dll's ...
Registered in 0.003300 seconds.
Begin MonoManager ReloadAssembly
Native extension for WindowsStandalone target not found
Refreshing native plugins compatible for Editor in 0.49 ms, found 2 plugins.
Preloading 0 native plugins for Editor in 0.00 ms.
Mono: successfully reloaded assembly
- Completed reload, in  0.790 seconds
Platform modules already initialized, skipping
Switching build target platform(19) subTarget(0) extendedPlatform(0) -> platform(13) subTarget(537395200) extendedPlatform(0)
Refreshing native plugins compatible for Editor in 0.48 ms, found 2 plugins.
Preloading 0 native plugins for Editor in 0.00 ms.
Unloading 1497 Unused Serialized files (Serialized files now loaded: 0)
System memory in use before: 92.4 MB.
System memory in use after: 92.5 MB.

Unloading 14 unused Assets to reduce memory usage. Loaded Objects now: 1997.
Total: 1.864600 ms (FindLiveObjects: 0.196300 ms CreateObjectMapping: 0.036200 ms MarkObjects: 1.552300 ms  DeleteObjects: 0.078800 ms)

AssetImportParameters requested are different than current active one (requested -> active):
  custom:graphics/normal-map-encoding: 01000000000000000000000000000000 -> 02000000000000000000000000000000
========================================================================
Received Import Request.
  Time since last request: 483.717945 seconds.
  path: ProjectSettings/TagManager.asset
  artifactKey: Guid(00000000000000003000000000000000) Importer(815301076,1909f56bfc062723c751e8b465ee728b)
Start importing ProjectSettings/TagManager.asset using Guid(00000000000000003000000000000000) Importer(815301076,1909f56bfc062723c751e8b465ee728b)  -> (artifact id: 'd6a00c903658214842b4bc9927aeddd2') in 0.020136 seconds
  Import took 0.022749 seconds .

========================================================================
Received Prepare
Registering precompiled user dll's ...
Registered in 0.002985 seconds.
Begin MonoManager ReloadAssembly
Native extension for WindowsStandalone target not found
Refreshing native plugins compatible for Editor in 0.49 ms, found 2 plugins.
Preloading 0 native plugins for Editor in 0.00 ms.
Mono: successfully reloaded assembly
- Completed reload, in  0.799 seconds
Platform modules already initialized, skipping
Switching build target platform(19) subTarget(0) extendedPlatform(0) -> platform(13) subTarget(537395200) extendedPlatform(0)
Refreshing native plugins compatible for Editor in 0.50 ms, found 2 plugins.
Preloading 0 native plugins for Editor in 0.00 ms.
Unloading 1497 Unused Serialized files (Serialized files now loaded: 0)
System memory in use before: 92.5 MB.
System memory in use after: 92.5 MB.

Unloading 15 unused Assets to reduce memory usage. Loaded Objects now: 2000.
Total: 1.864900 ms (FindLiveObjects: 0.182700 ms CreateObjectMapping: 0.034200 ms MarkObjects: 1.564300 ms  DeleteObjects: 0.083000 ms)

AssetImportParameters requested are different than current active one (requested -> active):
  custom:graphics/normal-map-encoding: 01000000000000000000000000000000 -> 02000000000000000000000000000000
========================================================================
Received Prepare
Registering precompiled user dll's ...
Registered in 0.003002 seconds.
Begin MonoManager ReloadAssembly
Native extension for WindowsStandalone target not found
Refreshing native plugins compatible for Editor in 0.47 ms, found 2 plugins.
Preloading 0 native plugins for Editor in 0.00 ms.
Mono: successfully reloaded assembly
- Completed reload, in  0.798 seconds
Platform modules already initialized, skipping
Switching build target platform(19) subTarget(0) extendedPlatform(0) -> platform(13) subTarget(537395200) extendedPlatform(0)
Refreshing native plugins compatible for Editor in 0.48 ms, found 2 plugins.
Preloading 0 native plugins for Editor in 0.00 ms.
Unloading 1497 Unused Serialized files (Serialized files now loaded: 0)
System memory in use before: 92.5 MB.
System memory in use after: 92.5 MB.

Unloading 14 unused Assets to reduce memory usage. Loaded Objects now: 2003.
Total: 2.063900 ms (FindLiveObjects: 0.220100 ms CreateObjectMapping: 0.038000 ms MarkObjects: 1.714600 ms  DeleteObjects: 0.090300 ms)

AssetImportParameters requested are different than current active one (requested -> active):
  custom:graphics/normal-map-encoding: 01000000000000000000000000000000 -> 02000000000000000000000000000000
========================================================================
Received Prepare
Registering precompiled user dll's ...
Registered in 0.003198 seconds.
Begin MonoManager ReloadAssembly
Native extension for WindowsStandalone target not found
Refreshing native plugins compatible for Editor in 0.49 ms, found 2 plugins.
Preloading 0 native plugins for Editor in 0.00 ms.
Mono: successfully reloaded assembly
- Completed reload, in  0.812 seconds
Platform modules already initialized, skipping
Switching build target platform(19) subTarget(0) extendedPlatform(0) -> platform(13) subTarget(537395200) extendedPlatform(0)
Refreshing native plugins compatible for Editor in 0.47 ms, found 2 plugins.
Preloading 0 native plugins for Editor in 0.00 ms.
Unloading 1496 Unused Serialized files (Serialized files now loaded: 0)
System memory in use before: 92.5 MB.
System memory in use after: 92.5 MB.

Unloading 15 unused Assets to reduce memory usage. Loaded Objects now: 2005.
Total: 2.062100 ms (FindLiveObjects: 0.176900 ms CreateObjectMapping: 0.034400 ms MarkObjects: 1.762200 ms  DeleteObjects: 0.087500 ms)

AssetImportParameters requested are different than current active one (requested -> active):
  custom:graphics/normal-map-encoding: 01000000000000000000000000000000 -> 02000000000000000000000000000000
========================================================================
Received Import Request.
  Time since last request: 388.856808 seconds.
  path: Assets/Prefabs/CarPrefab.prefab
  artifactKey: Guid(0f86e7e4911fa5649851173e9077048c) Importer(815301076,1909f56bfc062723c751e8b465ee728b)
Start importing Assets/Prefabs/CarPrefab.prefab using Guid(0f86e7e4911fa5649851173e9077048c) Importer(815301076,1909f56bfc062723c751e8b465ee728b)  -> (artifact id: '8191325dfac6292a1e1e2bd644772081') in 0.098217 seconds
  Import took 0.101159 seconds .

========================================================================
Received Import Request.
  Time since last request: 0.000197 seconds.
  path: Assets/Prefabs/TrafficConePrefab.prefab
  artifactKey: Guid(b62358532a0b14f41ad8078f7cc57263) Importer(815301076,1909f56bfc062723c751e8b465ee728b)
Start importing Assets/Prefabs/TrafficConePrefab.prefab using Guid(b62358532a0b14f41ad8078f7cc57263) Importer(815301076,1909f56bfc062723c751e8b465ee728b)  -> (artifact id: '4b400c7eb445e2365951cf4d0ba2310a') in 0.024477 seconds
  Import took 0.026880 seconds .

========================================================================
Received Import Request.
  Time since last request: 0.000216 seconds.
  path: Assets/Prefabs/CoinPrefab.prefab
  artifactKey: Guid(d7795fa31e552c641b558f87a115a1bf) Importer(815301076,1909f56bfc062723c751e8b465ee728b)
Start importing Assets/Prefabs/CoinPrefab.prefab using Guid(d7795fa31e552c641b558f87a115a1bf) Importer(815301076,1909f56bfc062723c751e8b465ee728b)  -> (artifact id: 'd0d77344a3483d7f4fc80aa88074e34a') in 0.019147 seconds
  Import took 0.021636 seconds .

========================================================================
Received Import Request.
  Time since last request: 13.967143 seconds.
  path: Assets/Prefabs/CarPrefab.prefab
  artifactKey: Guid(0f86e7e4911fa5649851173e9077048c) Importer(815301076,1909f56bfc062723c751e8b465ee728b)
Start importing Assets/Prefabs/CarPrefab.prefab using Guid(0f86e7e4911fa5649851173e9077048c) Importer(815301076,1909f56bfc062723c751e8b465ee728b)  -> (artifact id: '072bf99cfae211cac4c27936881c7e8e') in 0.017654 seconds
  Import took 0.040488 seconds .

========================================================================
Received Import Request.
  Time since last request: 5.909075 seconds.
  path: Assets/Prefabs/CoinPrefab.prefab
  artifactKey: Guid(d7795fa31e552c641b558f87a115a1bf) Importer(815301076,1909f56bfc062723c751e8b465ee728b)
Start importing Assets/Prefabs/CoinPrefab.prefab using Guid(d7795fa31e552c641b558f87a115a1bf) Importer(815301076,1909f56bfc062723c751e8b465ee728b)  -> (artifact id: '4e42636164f49f0f060b59f5ad2b478c') in 0.011007 seconds
  Import took 0.013723 seconds .

========================================================================
Received Import Request.
  Time since last request: 4.218997 seconds.
  path: Assets/Prefabs/TrafficConePrefab.prefab
  artifactKey: Guid(b62358532a0b14f41ad8078f7cc57263) Importer(815301076,1909f56bfc062723c751e8b465ee728b)
Start importing Assets/Prefabs/TrafficConePrefab.prefab using Guid(b62358532a0b14f41ad8078f7cc57263) Importer(815301076,1909f56bfc062723c751e8b465ee728b)  -> (artifact id: 'f18e1fb56f8844f46ca2efd32947da9d') in 0.012930 seconds
  Import took 0.015679 seconds .

========================================================================
Received Prepare
Registering precompiled user dll's ...
Registered in 0.003265 seconds.
Begin MonoManager ReloadAssembly
Native extension for WindowsStandalone target not found
Refreshing native plugins compatible for Editor in 0.50 ms, found 2 plugins.
Preloading 0 native plugins for Editor in 0.00 ms.
Mono: successfully reloaded assembly
- Completed reload, in  0.800 seconds
Platform modules already initialized, skipping
Switching build target platform(19) subTarget(0) extendedPlatform(0) -> platform(13) subTarget(537395200) extendedPlatform(0)
Refreshing native plugins compatible for Editor in 0.47 ms, found 2 plugins.
Preloading 0 native plugins for Editor in 0.00 ms.
Unloading 1496 Unused Serialized files (Serialized files now loaded: 0)
System memory in use before: 95.6 MB.
System memory in use after: 95.7 MB.

Unloading 14 unused Assets to reduce memory usage. Loaded Objects now: 2015.
Total: 1.882700 ms (FindLiveObjects: 0.192200 ms CreateObjectMapping: 0.035500 ms MarkObjects: 1.573400 ms  DeleteObjects: 0.080800 ms)

AssetImportParameters requested are different than current active one (requested -> active):
  custom:graphics/normal-map-encoding: 01000000000000000000000000000000 -> 02000000000000000000000000000000
========================================================================
Received Import Request.
  Time since last request: 49.384384 seconds.
  path: Assets/Prefabs/CarPrefab.prefab
  artifactKey: Guid(0f86e7e4911fa5649851173e9077048c) Importer(815301076,1909f56bfc062723c751e8b465ee728b)
Start importing Assets/Prefabs/CarPrefab.prefab using Guid(0f86e7e4911fa5649851173e9077048c) Importer(815301076,1909f56bfc062723c751e8b465ee728b)  -> (artifact id: '11baa51dc012149552a24052d6846feb') in 0.050776 seconds
  Import took 0.064824 seconds .

========================================================================
Received Import Request.
  Time since last request: 17.062040 seconds.
  path: Assets/Scripts/ItemGenerator.cs
  artifactKey: Guid(68d6d065271612a4097f6f4bc2204f68) Importer(815301076,1909f56bfc062723c751e8b465ee728b)
Start importing Assets/Scripts/ItemGenerator.cs using Guid(68d6d065271612a4097f6f4bc2204f68) Importer(815301076,1909f56bfc062723c751e8b465ee728b)  -> (artifact id: 'f14451e5851ba48bf834f33675a98ee8') in 0.001704 seconds
  Import took 0.004257 seconds .

========================================================================
Received Import Request.
  Time since last request: 0.001094 seconds.
  path: Assets/Scripts/ItemGenerator.cs
  artifactKey: Guid(68d6d065271612a4097f6f4bc2204f68) Importer(815301076,1909f56bfc062723c751e8b465ee728b)
Start importing Assets/Scripts/ItemGenerator.cs using Guid(68d6d065271612a4097f6f4bc2204f68) Importer(815301076,1909f56bfc062723c751e8b465ee728b)  -> (artifact id: 'f14451e5851ba48bf834f33675a98ee8') in 0.001630 seconds
  Import took 0.003769 seconds .

========================================================================
Received Prepare
Registering precompiled user dll's ...
Registered in 0.002937 seconds.
Begin MonoManager ReloadAssembly
Native extension for WindowsStandalone target not found
Refreshing native plugins compatible for Editor in 0.48 ms, found 2 plugins.
Preloading 0 native plugins for Editor in 0.00 ms.
Mono: successfully reloaded assembly
- Completed reload, in  0.807 seconds
Platform modules already initialized, skipping
Switching build target platform(19) subTarget(0) extendedPlatform(0) -> platform(13) subTarget(537395200) extendedPlatform(0)
Refreshing native plugins compatible for Editor in 0.49 ms, found 2 plugins.
Preloading 0 native plugins for Editor in 0.00 ms.
Unloading 1496 Unused Serialized files (Serialized files now loaded: 0)
System memory in use before: 95.6 MB.
System memory in use after: 95.7 MB.

Unloading 14 unused Assets to reduce memory usage. Loaded Objects now: 2019.
Total: 1.882500 ms (FindLiveObjects: 0.190500 ms CreateObjectMapping: 0.035200 ms MarkObjects: 1.574200 ms  DeleteObjects: 0.081700 ms)

AssetImportParameters requested are different than current active one (requested -> active):
  custom:graphics/normal-map-encoding: 01000000000000000000000000000000 -> 02000000000000000000000000000000
========================================================================
Received Import Request.
  Time since last request: 35.556808 seconds.
  path: Assets/Scripts/DestroyItem.cs
  artifactKey: Guid(8d8e98feba93cce4389f76e0e48d4929) Importer(815301076,1909f56bfc062723c751e8b465ee728b)
Start importing Assets/Scripts/DestroyItem.cs using Guid(8d8e98feba93cce4389f76e0e48d4929) Importer(815301076,1909f56bfc062723c751e8b465ee728b)  -> (artifact id: '4c162c3bc52abdba576380207f936b45') in 0.007761 seconds
  Import took 0.010469 seconds .

========================================================================
Received Prepare
Registering precompiled user dll's ...
Registered in 0.003135 seconds.
Begin MonoManager ReloadAssembly
Native extension for WindowsStandalone target not found
Refreshing native plugins compatible for Editor in 0.48 ms, found 2 plugins.
Preloading 0 native plugins for Editor in 0.00 ms.
Mono: successfully reloaded assembly
- Completed reload, in  0.839 seconds
Platform modules already initialized, skipping
Switching build target platform(19) subTarget(0) extendedPlatform(0) -> platform(13) subTarget(537395200) extendedPlatform(0)
Refreshing native plugins compatible for Editor in 0.58 ms, found 2 plugins.
Preloading 0 native plugins for Editor in 0.00 ms.
Unloading 1497 Unused Serialized files (Serialized files now loaded: 0)
System memory in use before: 95.6 MB.
System memory in use after: 95.7 MB.

Unloading 14 unused Assets to reduce memory usage. Loaded Objects now: 2023.
Total: 2.132100 ms (FindLiveObjects: 0.215200 ms CreateObjectMapping: 0.036800 ms MarkObjects: 1.783800 ms  DeleteObjects: 0.094800 ms)

AssetImportParameters requested are different than current active one (requested -> active):
  custom:graphics/normal-map-encoding: 01000000000000000000000000000000 -> 02000000000000000000000000000000
========================================================================
Received Prepare
Registering precompiled user dll's ...
Registered in 0.003071 seconds.
Begin MonoManager ReloadAssembly
Native extension for WindowsStandalone target not found
Refreshing native plugins compatible for Editor in 0.48 ms, found 2 plugins.
Preloading 0 native plugins for Editor in 0.00 ms.
Mono: successfully reloaded assembly
- Completed reload, in  0.807 seconds
Platform modules already initialized, skipping
Switching build target platform(19) subTarget(0) extendedPlatform(0) -> platform(13) subTarget(537395200) extendedPlatform(0)
Refreshing native plugins compatible for Editor in 0.48 ms, found 2 plugins.
Preloading 0 native plugins for Editor in 0.00 ms.
Unloading 1497 Unused Serialized files (Serialized files now loaded: 0)
System memory in use before: 95.6 MB.
System memory in use after: 95.7 MB.

Unloading 14 unused Assets to reduce memory usage. Loaded Objects now: 2026.
Total: 1.864300 ms (FindLiveObjects: 0.211100 ms CreateObjectMapping: 0.035300 ms MarkObjects: 1.540100 ms  DeleteObjects: 0.077000 ms)

AssetImportParameters requested are different than current active one (requested -> active):
  custom:graphics/normal-map-encoding: 01000000000000000000000000000000 -> 02000000000000000000000000000000
========================================================================
Received Import Request.
  Time since last request: 20.917045 seconds.
  path: Assets/Scripts/DestroyItem.cs
  artifactKey: Guid(8d8e98feba93cce4389f76e0e48d4929) Importer(815301076,1909f56bfc062723c751e8b465ee728b)
Start importing Assets/Scripts/DestroyItem.cs using Guid(8d8e98feba93cce4389f76e0e48d4929) Importer(815301076,1909f56bfc062723c751e8b465ee728b)  -> (artifact id: '5d9600f2fe783560dc5b1738fb2804f8') in 0.004350 seconds
  Import took 0.006990 seconds .

========================================================================
Received Import Request.
  Time since last request: 12.122788 seconds.
  path: Assets/Prefabs/CarPrefab.prefab
  artifactKey: Guid(0f86e7e4911fa5649851173e9077048c) Importer(815301076,1909f56bfc062723c751e8b465ee728b)
Start importing Assets/Prefabs/CarPrefab.prefab using Guid(0f86e7e4911fa5649851173e9077048c) Importer(815301076,1909f56bfc062723c751e8b465ee728b)  -> (artifact id: 'af0dfb1a90cb71b7bf9c0978cded17f6') in 0.052677 seconds
  Import took 0.055692 seconds .

========================================================================
Received Import Request.
  Time since last request: 0.041997 seconds.
  path: Assets/Prefabs/CarPrefab.prefab
  artifactKey: Guid(0f86e7e4911fa5649851173e9077048c) Importer(815301076,1909f56bfc062723c751e8b465ee728b)
Start importing Assets/Prefabs/CarPrefab.prefab using Guid(0f86e7e4911fa5649851173e9077048c) Importer(815301076,1909f56bfc062723c751e8b465ee728b)  -> (artifact id: 'af0dfb1a90cb71b7bf9c0978cded17f6') in 0.015695 seconds
  Import took 0.018422 seconds .

========================================================================
Received Import Request.
  Time since last request: 11.150460 seconds.
  path: Assets/Prefabs/CoinPrefab.prefab
  artifactKey: Guid(d7795fa31e552c641b558f87a115a1bf) Importer(815301076,1909f56bfc062723c751e8b465ee728b)
Start importing Assets/Prefabs/CoinPrefab.prefab using Guid(d7795fa31e552c641b558f87a115a1bf) Importer(815301076,1909f56bfc062723c751e8b465ee728b)  -> (artifact id: '622ea25dd562300b609a925f332dd5ea') in 0.008165 seconds
  Import took 0.010864 seconds .

========================================================================
Received Import Request.
  Time since last request: 0.073792 seconds.
  path: Assets/Prefabs/CoinPrefab.prefab
  artifactKey: Guid(d7795fa31e552c641b558f87a115a1bf) Importer(815301076,1909f56bfc062723c751e8b465ee728b)
Start importing Assets/Prefabs/CoinPrefab.prefab using Guid(d7795fa31e552c641b558f87a115a1bf) Importer(815301076,1909f56bfc062723c751e8b465ee728b)  -> (artifact id: '622ea25dd562300b609a925f332dd5ea') in 0.007659 seconds
  Import took 0.010833 seconds .

========================================================================
Received Import Request.
  Time since last request: 12.399404 seconds.
  path: Assets/Prefabs/TrafficConePrefab.prefab
  artifactKey: Guid(b62358532a0b14f41ad8078f7cc57263) Importer(815301076,1909f56bfc062723c751e8b465ee728b)
Start importing Assets/Prefabs/TrafficConePrefab.prefab using Guid(b62358532a0b14f41ad8078f7cc57263) Importer(815301076,1909f56bfc062723c751e8b465ee728b)  -> (artifact id: '762c7a9de54360427e5df4a1031e936a') in 0.008095 seconds
  Import took 0.010827 seconds .

========================================================================
Received Import Request.
  Time since last request: 0.074943 seconds.
  path: Assets/Prefabs/TrafficConePrefab.prefab
  artifactKey: Guid(b62358532a0b14f41ad8078f7cc57263) Importer(815301076,1909f56bfc062723c751e8b465ee728b)
Start importing Assets/Prefabs/TrafficConePrefab.prefab using Guid(b62358532a0b14f41ad8078f7cc57263) Importer(815301076,1909f56bfc062723c751e8b465ee728b)  -> (artifact id: '762c7a9de54360427e5df4a1031e936a') in 0.009469 seconds
  Import took 0.012420 seconds .

========================================================================
Received Prepare
Registering precompiled user dll's ...
Registered in 0.003031 seconds.
Begin MonoManager ReloadAssembly
Native extension for WindowsStandalone target not found
Refreshing native plugins compatible for Editor in 0.51 ms, found 2 plugins.
Preloading 0 native plugins for Editor in 0.00 ms.
Mono: successfully reloaded assembly
- Completed reload, in  0.843 seconds
Platform modules already initialized, skipping
Switching build target platform(19) subTarget(0) extendedPlatform(0) -> platform(13) subTarget(537395200) extendedPlatform(0)
Refreshing native plugins compatible for Editor in 0.53 ms, found 2 plugins.
Preloading 0 native plugins for Editor in 0.00 ms.
Unloading 1497 Unused Serialized files (Serialized files now loaded: 0)
System memory in use before: 95.7 MB.
System memory in use after: 95.7 MB.

Unloading 14 unused Assets to reduce memory usage. Loaded Objects now: 2030.
Total: 2.126300 ms (FindLiveObjects: 0.198300 ms CreateObjectMapping: 0.035200 ms MarkObjects: 1.804800 ms  DeleteObjects: 0.086400 ms)

AssetImportParameters requested are different than current active one (requested -> active):
  custom:graphics/normal-map-encoding: 01000000000000000000000000000000 -> 02000000000000000000000000000000
AssetImportWorkerClient::OnTransportError - code=2 error=End of file
