Using pre-set license
Built from '2020.3/staging' branch; Version is '2020.3.11f1 (99c7afb366b3) revision 10078127'; Using compiler version '192528614'; Build Type 'Release'
OS: 'Windows 10 Home; OS build 19043.1415; Version 2009; 64bit' Language: 'ja' Physical Memory: 32699 MB
BatchMode: 1, IsHumanControllingUs: 0, StartBugReporterOnCrash: 0, Is64bit: 1, IsPro: 0

 COMMAND LINE ARGUMENTS:
C:\Program Files\Unity\Hub\Editor\2020.3.11f1\Editor\Unity.exe
-adb2
-batchMode
-noUpm
-name
AssetImportWorker0
-projectPath
A:/Game Finished product/StepAsideUnityChan
-logFile
Logs/AssetImportWorker0.log
-srvPort
55870
Successfully changed project path to: A:/Game Finished product/StepAsideUnityChan
A:/Game Finished product/StepAsideUnityChan
Using Asset Import Pipeline V2.
Refreshing native plugins compatible for Editor in 33.83 ms, found 2 plugins.
Preloading 0 native plugins for Editor in 0.00 ms.
Initialize engine version: 2020.3.11f1 (99c7afb366b3)
[Subsystems] Discovering subsystems at path C:/Program Files/Unity/Hub/Editor/2020.3.11f1/Editor/Data/Resources/UnitySubsystems
[Subsystems] Discovering subsystems at path A:/Game Finished product/StepAsideUnityChan/Assets
GfxDevice: creating device client; threaded=0
Direct3D:
    Version:  Direct3D 11.0 [level 11.1]
    Renderer: Radeon RX 5500 XT (ID=0x7340)
    Vendor:   
    VRAM:     8151 MB
    Driver:   27.20.1034.6
Initialize mono
Mono path[0] = 'C:/Program Files/Unity/Hub/Editor/2020.3.11f1/Editor/Data/Managed'
Mono path[1] = 'C:/Program Files/Unity/Hub/Editor/2020.3.11f1/Editor/Data/MonoBleedingEdge/lib/mono/unityjit'
Mono config path = 'C:/Program Files/Unity/Hub/Editor/2020.3.11f1/Editor/Data/MonoBleedingEdge/etc'
Using monoOptions --debugger-agent=transport=dt_socket,embedding=1,server=y,suspend=n,address=127.0.0.1:56456
Begin MonoManager ReloadAssembly
Registering precompiled unity dll's ...
Register platform support module: C:/Program Files/Unity/Hub/Editor/2020.3.11f1/Editor/Data/PlaybackEngines/WindowsStandaloneSupport/UnityEditor.WindowsStandalone.Extensions.dll
Registered in 0.001591 seconds.
Native extension for WindowsStandalone target not found
Refreshing native plugins compatible for Editor in 32.67 ms, found 2 plugins.
Preloading 0 native plugins for Editor in 0.00 ms.
Mono: successfully reloaded assembly
- Completed reload, in  1.497 seconds
Platform modules already initialized, skipping
Registering precompiled user dll's ...
Registered in 0.003557 seconds.
Begin MonoManager ReloadAssembly
Native extension for WindowsStandalone target not found
Refreshing native plugins compatible for Editor in 0.48 ms, found 2 plugins.
Preloading 0 native plugins for Editor in 0.00 ms.
Mono: successfully reloaded assembly
- Completed reload, in  0.829 seconds
Platform modules already initialized, skipping
========================================================================
Worker process is ready to serve import requests
Launched and connected shader compiler UnityShaderCompiler.exe after 0.05 seconds
Refreshing native plugins compatible for Editor in 0.48 ms, found 2 plugins.
Preloading 0 native plugins for Editor in 0.00 ms.
Unloading 1537 Unused Serialized files (Serialized files now loaded: 0)
System memory in use before: 97.7 MB.
System memory in use after: 97.8 MB.

Unloading 19 unused Assets to reduce memory usage. Loaded Objects now: 1994.
Total: 1.925400 ms (FindLiveObjects: 0.196500 ms CreateObjectMapping: 0.037200 ms MarkObjects: 1.566300 ms  DeleteObjects: 0.124500 ms)

========================================================================
Received Import Request.
  path: Assets/Prefabs/TrafficConePrefab.prefab
  artifactKey: Guid(b62358532a0b14f41ad8078f7cc57263) Importer(815301076,1909f56bfc062723c751e8b465ee728b)
Start importing Assets/Prefabs/TrafficConePrefab.prefab using Guid(b62358532a0b14f41ad8078f7cc57263) Importer(815301076,1909f56bfc062723c751e8b465ee728b)  -> (artifact id: 'f18e1fb56f8844f46ca2efd32947da9d') in 0.131200 seconds
  Import took 0.133902 seconds .

========================================================================
Received Import Request.
  Time since last request: 0.000253 seconds.
  path: Assets/Prefabs/CoinPrefab.prefab
  artifactKey: Guid(d7795fa31e552c641b558f87a115a1bf) Importer(815301076,1909f56bfc062723c751e8b465ee728b)
Start importing Assets/Prefabs/CoinPrefab.prefab using Guid(d7795fa31e552c641b558f87a115a1bf) Importer(815301076,1909f56bfc062723c751e8b465ee728b)  -> (artifact id: '4e42636164f49f0f060b59f5ad2b478c') in 0.041333 seconds
  Import took 0.043984 seconds .

========================================================================
Received Import Request.
  Time since last request: 3.149478 seconds.
  path: Assets/Prefabs/CarPrefab.prefab
  artifactKey: Guid(0f86e7e4911fa5649851173e9077048c) Importer(815301076,1909f56bfc062723c751e8b465ee728b)
Start importing Assets/Prefabs/CarPrefab.prefab using Guid(0f86e7e4911fa5649851173e9077048c) Importer(815301076,1909f56bfc062723c751e8b465ee728b)  -> (artifact id: '072bf99cfae211cac4c27936881c7e8e') in 0.373568 seconds
  Import took 0.376468 seconds .

========================================================================
Received Prepare
Registering precompiled user dll's ...
Registered in 0.003013 seconds.
Begin MonoManager ReloadAssembly
Native extension for WindowsStandalone target not found
Refreshing native plugins compatible for Editor in 0.49 ms, found 2 plugins.
Preloading 0 native plugins for Editor in 0.00 ms.
Mono: successfully reloaded assembly
- Completed reload, in  0.790 seconds
Platform modules already initialized, skipping
Switching build target platform(19) subTarget(0) extendedPlatform(0) -> platform(13) subTarget(537395200) extendedPlatform(0)
Refreshing native plugins compatible for Editor in 0.47 ms, found 2 plugins.
Preloading 0 native plugins for Editor in 0.00 ms.
Unloading 1496 Unused Serialized files (Serialized files now loaded: 0)
System memory in use before: 95.5 MB.
System memory in use after: 95.6 MB.

Unloading 15 unused Assets to reduce memory usage. Loaded Objects now: 2003.
Total: 2.120100 ms (FindLiveObjects: 0.180100 ms CreateObjectMapping: 0.039100 ms MarkObjects: 1.820600 ms  DeleteObjects: 0.078900 ms)

AssetImportParameters requested are different than current active one (requested -> active):
  custom:graphics/normal-map-encoding: 01000000000000000000000000000000 -> 02000000000000000000000000000000
========================================================================
Received Prepare
Registering precompiled user dll's ...
Registered in 0.002940 seconds.
Begin MonoManager ReloadAssembly
Native extension for WindowsStandalone target not found
Refreshing native plugins compatible for Editor in 0.47 ms, found 2 plugins.
Preloading 0 native plugins for Editor in 0.00 ms.
Mono: successfully reloaded assembly
- Completed reload, in  0.773 seconds
Platform modules already initialized, skipping
Switching build target platform(19) subTarget(0) extendedPlatform(0) -> platform(13) subTarget(537395200) extendedPlatform(0)
Refreshing native plugins compatible for Editor in 0.48 ms, found 2 plugins.
Preloading 0 native plugins for Editor in 0.00 ms.
Unloading 1495 Unused Serialized files (Serialized files now loaded: 0)
System memory in use before: 95.5 MB.
System memory in use after: 95.6 MB.

Unloading 15 unused Assets to reduce memory usage. Loaded Objects now: 2005.
Total: 2.087900 ms (FindLiveObjects: 0.181000 ms CreateObjectMapping: 0.034600 ms MarkObjects: 1.785100 ms  DeleteObjects: 0.086000 ms)

AssetImportParameters requested are different than current active one (requested -> active):
  custom:graphics/normal-map-encoding: 01000000000000000000000000000000 -> 02000000000000000000000000000000
========================================================================
Received Prepare
Registering precompiled user dll's ...
Registered in 0.002985 seconds.
Begin MonoManager ReloadAssembly
Native extension for WindowsStandalone target not found
Refreshing native plugins compatible for Editor in 0.47 ms, found 2 plugins.
Preloading 0 native plugins for Editor in 0.00 ms.
Mono: successfully reloaded assembly
- Completed reload, in  0.774 seconds
Platform modules already initialized, skipping
Switching build target platform(19) subTarget(0) extendedPlatform(0) -> platform(13) subTarget(537395200) extendedPlatform(0)
Refreshing native plugins compatible for Editor in 0.47 ms, found 2 plugins.
Preloading 0 native plugins for Editor in 0.00 ms.
Unloading 1495 Unused Serialized files (Serialized files now loaded: 0)
System memory in use before: 95.5 MB.
System memory in use after: 95.6 MB.

Unloading 14 unused Assets to reduce memory usage. Loaded Objects now: 2008.
Total: 1.996100 ms (FindLiveObjects: 0.187500 ms CreateObjectMapping: 0.035700 ms MarkObjects: 1.686400 ms  DeleteObjects: 0.085400 ms)

AssetImportParameters requested are different than current active one (requested -> active):
  custom:graphics/normal-map-encoding: 01000000000000000000000000000000 -> 02000000000000000000000000000000
========================================================================
Received Prepare
Registering precompiled user dll's ...
Registered in 0.003026 seconds.
Begin MonoManager ReloadAssembly
Native extension for WindowsStandalone target not found
Refreshing native plugins compatible for Editor in 0.46 ms, found 2 plugins.
Preloading 0 native plugins for Editor in 0.00 ms.
Mono: successfully reloaded assembly
- Completed reload, in  0.790 seconds
Platform modules already initialized, skipping
Switching build target platform(19) subTarget(0) extendedPlatform(0) -> platform(13) subTarget(537395200) extendedPlatform(0)
Refreshing native plugins compatible for Editor in 0.50 ms, found 2 plugins.
Preloading 0 native plugins for Editor in 0.00 ms.
Unloading 1496 Unused Serialized files (Serialized files now loaded: 0)
System memory in use before: 95.6 MB.
System memory in use after: 95.6 MB.

Unloading 14 unused Assets to reduce memory usage. Loaded Objects now: 2012.
Total: 2.312100 ms (FindLiveObjects: 0.210700 ms CreateObjectMapping: 0.037500 ms MarkObjects: 1.976700 ms  DeleteObjects: 0.085700 ms)

AssetImportParameters requested are different than current active one (requested -> active):
  custom:graphics/normal-map-encoding: 01000000000000000000000000000000 -> 02000000000000000000000000000000
========================================================================
Received Import Request.
  Time since last request: 419.009583 seconds.
  path: Assets/Scripts/Destroyer.cs
  artifactKey: Guid(29dc96751a5273e419d0d7f1cc08d2df) Importer(815301076,1909f56bfc062723c751e8b465ee728b)
Start importing Assets/Scripts/Destroyer.cs using Guid(29dc96751a5273e419d0d7f1cc08d2df) Importer(815301076,1909f56bfc062723c751e8b465ee728b)  -> (artifact id: '91f855bf93e04beb8e9d3804d7ca74b0') in 0.018056 seconds
  Import took 0.020750 seconds .

========================================================================
Received Prepare
Registering precompiled user dll's ...
Registered in 0.003063 seconds.
Begin MonoManager ReloadAssembly
Native extension for WindowsStandalone target not found
Refreshing native plugins compatible for Editor in 0.47 ms, found 2 plugins.
Preloading 0 native plugins for Editor in 0.00 ms.
Mono: successfully reloaded assembly
- Completed reload, in  0.786 seconds
Platform modules already initialized, skipping
Switching build target platform(19) subTarget(0) extendedPlatform(0) -> platform(13) subTarget(537395200) extendedPlatform(0)
Refreshing native plugins compatible for Editor in 0.47 ms, found 2 plugins.
Preloading 0 native plugins for Editor in 0.00 ms.
Unloading 1496 Unused Serialized files (Serialized files now loaded: 0)
System memory in use before: 95.6 MB.
System memory in use after: 95.7 MB.

Unloading 14 unused Assets to reduce memory usage. Loaded Objects now: 2015.
Total: 2.041700 ms (FindLiveObjects: 0.183800 ms CreateObjectMapping: 0.033900 ms MarkObjects: 1.739200 ms  DeleteObjects: 0.083500 ms)

AssetImportParameters requested are different than current active one (requested -> active):
  custom:graphics/normal-map-encoding: 01000000000000000000000000000000 -> 02000000000000000000000000000000
========================================================================
Received Import Request.
  Time since last request: 322.045392 seconds.
  path: Assets/Scripts/Destroyer.cs
  artifactKey: Guid(29dc96751a5273e419d0d7f1cc08d2df) Importer(815301076,1909f56bfc062723c751e8b465ee728b)
Start importing Assets/Scripts/Destroyer.cs using Guid(29dc96751a5273e419d0d7f1cc08d2df) Importer(815301076,1909f56bfc062723c751e8b465ee728b)  -> (artifact id: '2597b44ecec898a0ff12ac62f23068c5') in 0.006191 seconds
  Import took 0.020199 seconds .

========================================================================
Received Import Request.
  Time since last request: 49.669275 seconds.
  path: Assets/Prefabs/CarPrefab.prefab
  artifactKey: Guid(0f86e7e4911fa5649851173e9077048c) Importer(815301076,1909f56bfc062723c751e8b465ee728b)
Start importing Assets/Prefabs/CarPrefab.prefab using Guid(0f86e7e4911fa5649851173e9077048c) Importer(815301076,1909f56bfc062723c751e8b465ee728b)  -> (artifact id: 'b896b350e6294fa97d342065cc063b63') in 0.061630 seconds
  Import took 0.064369 seconds .

========================================================================
Received Import Request.
  Time since last request: 13.301566 seconds.
  path: Assets/Prefabs/CoinPrefab.prefab
  artifactKey: Guid(d7795fa31e552c641b558f87a115a1bf) Importer(815301076,1909f56bfc062723c751e8b465ee728b)
Start importing Assets/Prefabs/CoinPrefab.prefab using Guid(d7795fa31e552c641b558f87a115a1bf) Importer(815301076,1909f56bfc062723c751e8b465ee728b)  -> (artifact id: 'c3d317baf5d2694ba5f060f3ca5f752c') in 0.014961 seconds
  Import took 0.017769 seconds .

========================================================================
Received Import Request.
  Time since last request: 0.003445 seconds.
  path: Assets/Prefabs/CoinPrefab.prefab
  artifactKey: Guid(d7795fa31e552c641b558f87a115a1bf) Importer(815301076,1909f56bfc062723c751e8b465ee728b)
Start importing Assets/Prefabs/CoinPrefab.prefab using Guid(d7795fa31e552c641b558f87a115a1bf) Importer(815301076,1909f56bfc062723c751e8b465ee728b)  -> (artifact id: 'c3d317baf5d2694ba5f060f3ca5f752c') in 0.011983 seconds
  Import took 0.014765 seconds .

========================================================================
Received Import Request.
  Time since last request: 6.145456 seconds.
  path: Assets/Prefabs/TrafficConePrefab.prefab
  artifactKey: Guid(b62358532a0b14f41ad8078f7cc57263) Importer(815301076,1909f56bfc062723c751e8b465ee728b)
Start importing Assets/Prefabs/TrafficConePrefab.prefab using Guid(b62358532a0b14f41ad8078f7cc57263) Importer(815301076,1909f56bfc062723c751e8b465ee728b)  -> (artifact id: '6f1f4ad6f4a607a806f1fb098041fccb') in 0.020370 seconds
  Import took 0.023141 seconds .

========================================================================
Received Prepare
Registering precompiled user dll's ...
Registered in 0.002848 seconds.
Begin MonoManager ReloadAssembly
Native extension for WindowsStandalone target not found
Refreshing native plugins compatible for Editor in 0.48 ms, found 2 plugins.
Preloading 0 native plugins for Editor in 0.00 ms.
Mono: successfully reloaded assembly
- Completed reload, in  0.797 seconds
Platform modules already initialized, skipping
Switching build target platform(19) subTarget(0) extendedPlatform(0) -> platform(13) subTarget(537395200) extendedPlatform(0)
Refreshing native plugins compatible for Editor in 0.47 ms, found 2 plugins.
Preloading 0 native plugins for Editor in 0.00 ms.
Unloading 1496 Unused Serialized files (Serialized files now loaded: 0)
System memory in use before: 95.6 MB.
System memory in use after: 95.7 MB.

Unloading 14 unused Assets to reduce memory usage. Loaded Objects now: 2019.
Total: 2.107400 ms (FindLiveObjects: 0.183600 ms CreateObjectMapping: 0.034800 ms MarkObjects: 1.807100 ms  DeleteObjects: 0.080700 ms)

AssetImportParameters requested are different than current active one (requested -> active):
  custom:graphics/normal-map-encoding: 01000000000000000000000000000000 -> 02000000000000000000000000000000
AssetImportWorkerClient::OnTransportError - code=2 error=End of file
